================================================================================
myAut2Exe >The Open Source AutoIT/AutoHotKey script decompiler< 2.0 build(60)
================================================================================
Unpacking: C:\Users\Shaggy\Google Drive\Tiara\Tiara's Moonshine Mod\Tools\Winemaking\Winemaking.exe
Script Type 3.2.5+ found.
AlternativeSigScan for 'FILE'-signature in au3-body...
00083855 -> SrcFile_FileInst: >>>AUTOIT SCRIPT<<<
Seeking back to script start position...
AU3_Signature: A3 48 4B BE 98 6C 4A A9 99 4C 53 0A 86 D6 48 7D   £HK¾˜lJ©™LS
†ÖH}
00083813 -> SubType: 0x41  AU3!
~ Note:  The following offset values are were the data ends (and not were it starts) ~
00083817 -> New AutoIt Script Found.  - Type2 = EA06
Script is password protected!
00083827 -> Password/MD5PassphraseHash: 66033F712345EFF3503F156E3FA514A8
            f?q#EïóP?n?¥¨
MD5PassphraseHash_ByteSum: 00000000  '+ 2477' => decryption key!
------------ Processing Body -------------
=== > Processing FILE: #1
0008382B -> ResType: FILE
00083855 -> SrcFile_FileInst: >>>AUTOIT SCRIPT<<<
000838B5 -> CompiledPathName: C:\Users\Shaggy\AppData\Local\Temp\aut9F7C.tmp
000838B6 -> IsCompressed: True  (01)
000838BA -> ScriptSize Compressed: 00001790  Decimal:6032
000838BE -> ScriptSize UnCompressed(used to seek to next file): 00003C04  Decimal:15364
000838C2 -> ADLER32 CRC of unencrypted script data: 5E5C0879
000838D2 -> FileTime (number of 100-nanosecond intervals since January 1, 1601) 
    pCreationTime:  01CF9A5F6050D710  8.7.2014 3:47:44 [551]
    pLastWrite   :  01CF9A5F6053963A  8.7.2014 3:47:44 [569]
000838D2 -> Begin of script data
Decrypting script data...
Calculating ADLER32 checksum from decrypted scriptdata
   OK.
JB LZSS Signature:EA06
Compressed scriptdata written to C:\Users\Shaggy\Google Drive\Tiara\Tiara's Moonshine Mod\Tools\Winemaking\Winemaking.pak
Expanding script data to "Winemaking.tok" at C:\Users\Shaggy\Google Drive\Tiara\Tiara's Moonshine Mod\Tools\Winemaking\
Setting Creation and LastWrite time
Write data in textbox
-------------------------------------------------------------------------------
Processing Finished!
0008506A -> End of script data   FileLen: 0008506B  => Overlay: 00000008
overlaybytes: 41 55 33 21 45 41 30 36   AU3!EA06
===============================================================================
Testing for Scripts that were obfuscate by 'Jos van der Zande AutoIt3 Source Obfuscator v1.0.15 [July 1, 2007]' or 'EncodeIt 2.0'
===============================================================================
Trying to DeTokenise: C:\Users\Shaggy\Google Drive\Tiara\Tiara's Moonshine Mod\Tools\Winemaking\Winemaking.tok
00000003 -> Code Lines: 197   0x000000C5
Keep TmpFile is unchecked => Deleting 'Winemaking.tok'
Deleting: C:\Users\Shaggy\Google Drive\Tiara\Tiara's Moonshine Mod\Tools\Winemaking\Winemaking.tok
Try to breaks very long lines (about 2000 chars) by adding '_'+<NewLine> ...
Save/overwrite script to: C:\Users\Shaggy\Google Drive\Tiara\Tiara's Moonshine Mod\Tools\Winemaking\Winemaking.au3

Running 'Tidy.exe Winemaking.au3' to improve sourcecode readablity.
C:\Users\Shaggy\Google Drive\Tiara\Tiara's Moonshine Mod\Tools\Winemaking\Tidy\Tidy.exe "C:\Users\Shaggy\Google Drive\Tiara\Tiara's Moonshine Mod\Tools\Winemaking\Winemaking.au3"
Tidy.exe ExitCode: 0
Deleting Tidy BackupFile...
Deleting: C:\Users\Shaggy\Google Drive\Tiara\Tiara's Moonshine Mod\Tools\Winemaking\Winemaking_old1.au3
Token expansion succeed.
===============================================================================
Trying to DeObfuscate : C:\Users\Shaggy\Google Drive\Tiara\Tiara's Moonshine Mod\Tools\Winemaking\Winemaking.au3
ERR: Script is NOT obfuscate by 'Jos van der Zande AutoIt3 Source Obfuscator v1.0.15 [July 1, 2007]', v1.0.14[June 16, 2007] or 'EncodeIt 2.0'

===============================================================
Seperating Includes of : C:\Users\Shaggy\Google Drive\Tiara\Tiara's Moonshine Mod\Tools\Winemaking\Winemaking.au3
  7941 byte loaded.

Saving Logdata to : C:\Users\Shaggy\Google Drive\Tiara\Tiara's Moonshine Mod\Tools\Winemaking\_myExeToAut.log

